[debug] [2023-08-20T00:31:49.011Z] ----------------------------------------------------------------------
[debug] [2023-08-20T00:31:49.013Z] Command:       C:\Program Files\nodejs\node.exe C:\Users\dmian\AppData\Roaming\npm\node_modules\firebase-tools\lib\bin\firebase.js deploy
[debug] [2023-08-20T00:31:49.014Z] CLI Version:   12.4.8
[debug] [2023-08-20T00:31:49.014Z] Platform:      win32
[debug] [2023-08-20T00:31:49.014Z] Node Version:  v18.16.0
[debug] [2023-08-20T00:31:49.015Z] Time:          Sat Aug 19 2023 20:31:49 GMT-0400 (hora estándar de Chile)
[debug] [2023-08-20T00:31:49.015Z] ----------------------------------------------------------------------
[debug] 
[debug] [2023-08-20T00:31:49.103Z] > command requires scopes: ["email","openid","https://www.googleapis.com/auth/cloudplatformprojects.readonly","https://www.googleapis.com/auth/firebase","https://www.googleapis.com/auth/cloud-platform"]
[debug] [2023-08-20T00:31:49.103Z] > authorizing via signed-in user (demian.vc1998@gmail.com)
[debug] [2023-08-20T00:31:49.104Z] [iam] checking project fcpola for permissions ["firebase.projects.get","firebasehosting.sites.update"]
[debug] [2023-08-20T00:31:49.106Z] >>> [apiv2][query] POST https://cloudresourcemanager.googleapis.com/v1/projects/fcpola:testIamPermissions [none]
[debug] [2023-08-20T00:31:49.106Z] >>> [apiv2][(partial)header] POST https://cloudresourcemanager.googleapis.com/v1/projects/fcpola:testIamPermissions x-goog-quota-user=projects/fcpola
[debug] [2023-08-20T00:31:49.107Z] >>> [apiv2][body] POST https://cloudresourcemanager.googleapis.com/v1/projects/fcpola:testIamPermissions {"permissions":["firebase.projects.get","firebasehosting.sites.update"]}
[debug] [2023-08-20T00:31:49.969Z] <<< [apiv2][status] POST https://cloudresourcemanager.googleapis.com/v1/projects/fcpola:testIamPermissions 200
[debug] [2023-08-20T00:31:49.970Z] <<< [apiv2][body] POST https://cloudresourcemanager.googleapis.com/v1/projects/fcpola:testIamPermissions {"permissions":["firebase.projects.get","firebasehosting.sites.update"]}
[debug] [2023-08-20T00:31:49.971Z] >>> [apiv2][query] GET https://firebase.googleapis.com/v1beta1/projects/fcpola [none]
[debug] [2023-08-20T00:31:50.249Z] <<< [apiv2][status] GET https://firebase.googleapis.com/v1beta1/projects/fcpola 200
[debug] [2023-08-20T00:31:50.249Z] <<< [apiv2][body] GET https://firebase.googleapis.com/v1beta1/projects/fcpola {"projectId":"fcpola","projectNumber":"288751284604","displayName":"FcPola","name":"projects/fcpola","resources":{"hostingSite":"fcpola","storageBucket":"fcpola.appspot.com","locationId":"us-east1"},"state":"ACTIVE","etag":"1_5952fb47-6e36-4a3a-830e-cce6a351dda5"}
[info] 
   Thank you for trying our early preview of Next.js support on Firebase Hosting.
   During the preview, support is best-effort and breaking changes can be expected. Proceed with caution.

   Documentation: https://firebase.google.com/docs/hosting/frameworks/nextjs
   File a bug: https://github.com/firebase/firebase-tools/issues/new?template=bug_report.md
   Submit a feature request: https://github.com/firebase/firebase-tools/issues/new?template=feature_request.md

   We'd love to learn from you. Express your interest in helping us shape the future of Firebase Hosting: https://goo.gle/41enW5X

[info] - info Loaded env from C:\Users\dmian\OneDrive\Escritorio\FC Pola\fc-pola\.env.local

[info] - info Loaded env from C:\Users\dmian\OneDrive\Escritorio\FC Pola\fc-pola\.env

[info] - info Creating an optimized production build...

[info] - info Compiled successfully

[info] - info Linting and checking validity of types...

[info] - info Collecting page data...

[info] - info Generating static pages (0/9)

[info] - info Generating static pages (2/9)

[info] - info Generating static pages (4/9)

[info] - info Generating static pages (6/9)

[info] Failed to fetch data

[info] SyntaxError: Unexpected token I in JSON at position 0
    at JSON.parse (<anonymous>)
    at parseJSONFromBytes (node:internal/deps/undici/undici:6571:19)
    at successSteps (node:internal/deps/undici/undici:6545:27)
    at node:internal/deps/undici/undici:1211:60
    at node:internal/process/task_queues:140:7
    at AsyncResource.runInAsyncScope (node:async_hooks:203:9)
    at AsyncResource.runMicrotask (node:internal/process/task_queues:137:8)
    at process.processTicksAndRejections (node:internal/process/task_queues:95:5)

[info] 
Error occurred prerendering page "/invitadosAdm". Read more: https://nextjs.org/docs/messages/prerender-error
SyntaxError: Unexpected token I in JSON at position 0
    at JSON.parse (<anonymous>)
    at parseJSONFromBytes (node:internal/deps/undici/undici:6571:19)
    at successSteps (node:internal/deps/undici/undici:6545:27)
    at node:internal/deps/undici/undici:1211:60
    at node:internal/process/task_queues:140:7
    at AsyncResource.runInAsyncScope (node:async_hooks:203:9)
    at AsyncResource.runMicrotask (node:internal/process/task_queues:137:8)
    at process.processTicksAndRejections (node:internal/process/task_queues:95:5)

[info] - info Generating static pages (9/9)

[info] 
> Export encountered errors on following paths:
	/invitadosAdm/page: /invitadosAdm

[debug] [2023-08-20T00:32:27.970Z] Error: ENOENT: no such file or directory, open 'C:\Users\dmian\OneDrive\Escritorio\FC Pola\fc-pola\.next\export-marker.json'
[error] 
[error] Error: An unexpected error has occurred.
[debug] [2023-08-20T00:32:48.418Z] ----------------------------------------------------------------------
[debug] [2023-08-20T00:32:48.420Z] Command:       C:\Program Files\nodejs\node.exe C:\Users\dmian\AppData\Roaming\npm\node_modules\firebase-tools\lib\bin\firebase.js deploy
[debug] [2023-08-20T00:32:48.420Z] CLI Version:   12.4.8
[debug] [2023-08-20T00:32:48.421Z] Platform:      win32
[debug] [2023-08-20T00:32:48.421Z] Node Version:  v18.16.0
[debug] [2023-08-20T00:32:48.422Z] Time:          Sat Aug 19 2023 20:32:48 GMT-0400 (hora estándar de Chile)
[debug] [2023-08-20T00:32:48.422Z] ----------------------------------------------------------------------
[debug] 
[debug] [2023-08-20T00:32:48.496Z] > command requires scopes: ["email","openid","https://www.googleapis.com/auth/cloudplatformprojects.readonly","https://www.googleapis.com/auth/firebase","https://www.googleapis.com/auth/cloud-platform"]
[debug] [2023-08-20T00:32:48.497Z] > authorizing via signed-in user (demian.vc1998@gmail.com)
[debug] [2023-08-20T00:32:48.497Z] [iam] checking project fcpola for permissions ["firebase.projects.get","firebasehosting.sites.update"]
[debug] [2023-08-20T00:32:48.498Z] > refreshing access token with scopes: []
[debug] [2023-08-20T00:32:48.500Z] >>> [apiv2][query] POST https://www.googleapis.com/oauth2/v3/token [none]
[debug] [2023-08-20T00:32:48.500Z] >>> [apiv2][body] POST https://www.googleapis.com/oauth2/v3/token [omitted]
[debug] [2023-08-20T00:32:48.629Z] <<< [apiv2][status] POST https://www.googleapis.com/oauth2/v3/token 200
[debug] [2023-08-20T00:32:48.630Z] <<< [apiv2][body] POST https://www.googleapis.com/oauth2/v3/token [omitted]
[debug] [2023-08-20T00:32:48.640Z] >>> [apiv2][query] POST https://cloudresourcemanager.googleapis.com/v1/projects/fcpola:testIamPermissions [none]
[debug] [2023-08-20T00:32:48.640Z] >>> [apiv2][(partial)header] POST https://cloudresourcemanager.googleapis.com/v1/projects/fcpola:testIamPermissions x-goog-quota-user=projects/fcpola
[debug] [2023-08-20T00:32:48.640Z] >>> [apiv2][body] POST https://cloudresourcemanager.googleapis.com/v1/projects/fcpola:testIamPermissions {"permissions":["firebase.projects.get","firebasehosting.sites.update"]}
[debug] [2023-08-20T00:32:49.419Z] <<< [apiv2][status] POST https://cloudresourcemanager.googleapis.com/v1/projects/fcpola:testIamPermissions 200
[debug] [2023-08-20T00:32:49.420Z] <<< [apiv2][body] POST https://cloudresourcemanager.googleapis.com/v1/projects/fcpola:testIamPermissions {"permissions":["firebase.projects.get","firebasehosting.sites.update"]}
[debug] [2023-08-20T00:32:49.421Z] >>> [apiv2][query] GET https://firebase.googleapis.com/v1beta1/projects/fcpola [none]
[debug] [2023-08-20T00:32:49.698Z] <<< [apiv2][status] GET https://firebase.googleapis.com/v1beta1/projects/fcpola 200
[debug] [2023-08-20T00:32:49.698Z] <<< [apiv2][body] GET https://firebase.googleapis.com/v1beta1/projects/fcpola {"projectId":"fcpola","projectNumber":"288751284604","displayName":"FcPola","name":"projects/fcpola","resources":{"hostingSite":"fcpola","storageBucket":"fcpola.appspot.com","locationId":"us-east1"},"state":"ACTIVE","etag":"1_5952fb47-6e36-4a3a-830e-cce6a351dda5"}
[info] 
   Thank you for trying our early preview of Next.js support on Firebase Hosting.
   During the preview, support is best-effort and breaking changes can be expected. Proceed with caution.

   Documentation: https://firebase.google.com/docs/hosting/frameworks/nextjs
   File a bug: https://github.com/firebase/firebase-tools/issues/new?template=bug_report.md
   Submit a feature request: https://github.com/firebase/firebase-tools/issues/new?template=feature_request.md

   We'd love to learn from you. Express your interest in helping us shape the future of Firebase Hosting: https://goo.gle/41enW5X

[info] - info Loaded env from C:\Users\dmian\OneDrive\Escritorio\FC Pola\fc-pola\.env.local

[info] - info Loaded env from C:\Users\dmian\OneDrive\Escritorio\FC Pola\fc-pola\.env

[info] - info Creating an optimized production build...

[info] - info Compiled successfully

[info] - info Linting and checking validity of types...

[info] - info Collecting page data...

[info] - info Generating static pages (0/9)

[info] - info Generating static pages (2/9)

[info] - info Generating static pages (4/9)

[info] - info Generating static pages (6/9)

[info] - info Generating static pages (9/9)

[info] - info Finalizing page optimization...

[info] 

[info] Route (app)                                Size     First Load JS
┌ ○ /                                      141 B          77.7 kB
├ ○ /favicon.ico                           0 B                0 B
├ ○ /icon.ico                              0 B                0 B
├ ○ /invitadosAdm                          141 B          77.7 kB
└ ○ /PositiveAnswer                        4.91 kB        82.5 kB
+ First Load JS shared by all              77.5 kB
  ├ chunks/698-1321e6d13d35448d.js         25.1 kB
  ├ chunks/bce60fc1-8c4748991edb1ec4.js    50.5 kB
  ├ chunks/main-app-150a70ceb36926b0.js    210 B
  └ chunks/webpack-5b4963569d526c2e.js     1.71 kB

Route (pages)                              Size     First Load JS
┌ ○ /404                                   181 B          75.7 kB
├ λ /api/createGuest                       0 B            75.5 kB
├ λ /api/getPosts                          0 B            75.5 kB
├ λ /invitaciones/[invitacion]             7.17 kB        82.7 kB
├   └ css/540ce90928d26f65.css             3.63 kB
├ ○ /negativo                              263 B          75.8 kB
└ ○ /positivo                              294 B          75.8 kB
+ First Load JS shared by all              75.5 kB
  ├ chunks/framework-452594291d5933d4.js   45.2 kB
  ├ chunks/main-d11841739de443fd.js        28.4 kB
  ├ chunks/pages/_app-b75b9482ff6ea491.js  195 B
  └ chunks/webpack-5b4963569d526c2e.js     1.71 kB


[info] λ  (Server)  server-side renders at runtime (uses getInitialProps or getServerSideProps)
○  (Static)  automatically rendered as static HTML (uses no initial props)


[info] Building a Cloud Function to run this application. This is needed due to:
[info]  • Image Optimization
[info]  • non-static route /api/createGuest
[info]  • non-static route /api/getPosts
[info]  • non-static route /invitaciones/[invitacion]
[info] 
[debug] [2023-08-20T00:34:02.407Z] ----------------------------------------------------------------------
[debug] [2023-08-20T00:34:02.410Z] Command:       C:\Program Files\nodejs\node.exe C:\Users\dmian\AppData\Roaming\npm\node_modules\firebase-tools\lib\bin\firebase.js deploy
[debug] [2023-08-20T00:34:02.410Z] CLI Version:   12.4.8
[debug] [2023-08-20T00:34:02.410Z] Platform:      win32
[debug] [2023-08-20T00:34:02.411Z] Node Version:  v18.16.0
[debug] [2023-08-20T00:34:02.412Z] Time:          Sat Aug 19 2023 20:34:02 GMT-0400 (hora estándar de Chile)
[debug] [2023-08-20T00:34:02.412Z] ----------------------------------------------------------------------
[debug] 
[debug] [2023-08-20T00:34:02.499Z] > command requires scopes: ["email","openid","https://www.googleapis.com/auth/cloudplatformprojects.readonly","https://www.googleapis.com/auth/firebase","https://www.googleapis.com/auth/cloud-platform"]
[debug] [2023-08-20T00:34:02.500Z] > authorizing via signed-in user (demian.vc1998@gmail.com)
[debug] [2023-08-20T00:34:02.500Z] [iam] checking project fcpola for permissions ["firebase.projects.get","firebasehosting.sites.update"]
[debug] [2023-08-20T00:34:02.502Z] >>> [apiv2][query] POST https://cloudresourcemanager.googleapis.com/v1/projects/fcpola:testIamPermissions [none]
[debug] [2023-08-20T00:34:02.502Z] >>> [apiv2][(partial)header] POST https://cloudresourcemanager.googleapis.com/v1/projects/fcpola:testIamPermissions x-goog-quota-user=projects/fcpola
[debug] [2023-08-20T00:34:02.503Z] >>> [apiv2][body] POST https://cloudresourcemanager.googleapis.com/v1/projects/fcpola:testIamPermissions {"permissions":["firebase.projects.get","firebasehosting.sites.update"]}
[debug] [2023-08-20T00:34:03.350Z] <<< [apiv2][status] POST https://cloudresourcemanager.googleapis.com/v1/projects/fcpola:testIamPermissions 200
[debug] [2023-08-20T00:34:03.350Z] <<< [apiv2][body] POST https://cloudresourcemanager.googleapis.com/v1/projects/fcpola:testIamPermissions {"permissions":["firebase.projects.get","firebasehosting.sites.update"]}
[debug] [2023-08-20T00:34:03.351Z] >>> [apiv2][query] GET https://firebase.googleapis.com/v1beta1/projects/fcpola [none]
[debug] [2023-08-20T00:34:03.627Z] <<< [apiv2][status] GET https://firebase.googleapis.com/v1beta1/projects/fcpola 200
[debug] [2023-08-20T00:34:03.628Z] <<< [apiv2][body] GET https://firebase.googleapis.com/v1beta1/projects/fcpola {"projectId":"fcpola","projectNumber":"288751284604","displayName":"FcPola","name":"projects/fcpola","resources":{"hostingSite":"fcpola","storageBucket":"fcpola.appspot.com","locationId":"us-east1"},"state":"ACTIVE","etag":"1_5952fb47-6e36-4a3a-830e-cce6a351dda5"}
[info] 
   Thank you for trying our early preview of Next.js support on Firebase Hosting.
   During the preview, support is best-effort and breaking changes can be expected. Proceed with caution.

   Documentation: https://firebase.google.com/docs/hosting/frameworks/nextjs
   File a bug: https://github.com/firebase/firebase-tools/issues/new?template=bug_report.md
   Submit a feature request: https://github.com/firebase/firebase-tools/issues/new?template=feature_request.md

   We'd love to learn from you. Express your interest in helping us shape the future of Firebase Hosting: https://goo.gle/41enW5X

[info] - info Loaded env from C:\Users\dmian\OneDrive\Escritorio\FC Pola\fc-pola\.env.local

[info] - info Loaded env from C:\Users\dmian\OneDrive\Escritorio\FC Pola\fc-pola\.env

[info] - info Creating an optimized production build...

[info] - info Compiled successfully

[info] - info Linting and checking validity of types...

[info] - info Collecting page data...

[info] - info Generating static pages (0/9)

[info] - info Generating static pages (2/9)

[info] - info Generating static pages (4/9)

[info] - info Generating static pages (6/9)

[info] Failed to fetch data

[info] SyntaxError: Unexpected token I in JSON at position 0
    at JSON.parse (<anonymous>)
    at parseJSONFromBytes (node:internal/deps/undici/undici:6571:19)
    at successSteps (node:internal/deps/undici/undici:6545:27)
    at node:internal/deps/undici/undici:1211:60
    at node:internal/process/task_queues:140:7
    at AsyncResource.runInAsyncScope (node:async_hooks:203:9)
    at AsyncResource.runMicrotask (node:internal/process/task_queues:137:8)
    at process.processTicksAndRejections (node:internal/process/task_queues:95:5)

[info] 
Error occurred prerendering page "/invitadosAdm". Read more: https://nextjs.org/docs/messages/prerender-error
SyntaxError: Unexpected token I in JSON at position 0
    at JSON.parse (<anonymous>)
    at parseJSONFromBytes (node:internal/deps/undici/undici:6571:19)
    at successSteps (node:internal/deps/undici/undici:6545:27)
    at node:internal/deps/undici/undici:1211:60
    at node:internal/process/task_queues:140:7
    at AsyncResource.runInAsyncScope (node:async_hooks:203:9)
    at AsyncResource.runMicrotask (node:internal/process/task_queues:137:8)
    at process.processTicksAndRejections (node:internal/process/task_queues:95:5)

[info] - info Generating static pages (9/9)

[info] 
> Export encountered errors on following paths:
	/invitadosAdm/page: /invitadosAdm

[debug] [2023-08-20T00:34:40.359Z] Error: ENOENT: no such file or directory, open 'C:\Users\dmian\OneDrive\Escritorio\FC Pola\fc-pola\.next\export-marker.json'
[error] 
[error] Error: An unexpected error has occurred.
